0 info it worked if it ends with ok
1 verbose cli [ '/usr/bin/nodejs', '/usr/bin/npm', 'run', 'build-server' ]
2 info using npm@3.10.10
3 info using node@v6.10.2
4 verbose run-script [ 'prebuild-server', 'build-server', 'postbuild-server' ]
5 info lifecycle mergado-ui-kit@1.0.1~prebuild-server: mergado-ui-kit@1.0.1
6 silly lifecycle mergado-ui-kit@1.0.1~prebuild-server: no script for prebuild-server, continuing
7 info lifecycle mergado-ui-kit@1.0.1~build-server: mergado-ui-kit@1.0.1
8 verbose lifecycle mergado-ui-kit@1.0.1~build-server: unsafe-perm in lifecycle true
9 verbose lifecycle mergado-ui-kit@1.0.1~build-server: PATH: /usr/lib/node_modules/npm/bin/node-gyp-bin:/home/martinh/www/mergado-ui-kit/node_modules/.bin:/usr/local/sbin:/usr/local/bin:/usr/sbin:/usr/bin:/sbin:/bin:/usr/games:/usr/local/games:/snap/bin
10 verbose lifecycle mergado-ui-kit@1.0.1~build-server: CWD: /home/martinh/www/mergado-ui-kit
11 silly lifecycle mergado-ui-kit@1.0.1~build-server: Args: [ '-c', 'npm run styleguide-server' ]
12 silly lifecycle mergado-ui-kit@1.0.1~build-server: Returned: code: 1  signal: null
13 info lifecycle mergado-ui-kit@1.0.1~build-server: Failed to exec build-server script
14 verbose stack Error: mergado-ui-kit@1.0.1 build-server: `npm run styleguide-server`
14 verbose stack Exit status 1
14 verbose stack     at EventEmitter.<anonymous> (/usr/lib/node_modules/npm/lib/utils/lifecycle.js:255:16)
14 verbose stack     at emitTwo (events.js:106:13)
14 verbose stack     at EventEmitter.emit (events.js:191:7)
14 verbose stack     at ChildProcess.<anonymous> (/usr/lib/node_modules/npm/lib/utils/spawn.js:40:14)
14 verbose stack     at emitTwo (events.js:106:13)
14 verbose stack     at ChildProcess.emit (events.js:191:7)
14 verbose stack     at maybeClose (internal/child_process.js:886:16)
14 verbose stack     at Process.ChildProcess._handle.onexit (internal/child_process.js:226:5)
15 verbose pkgid mergado-ui-kit@1.0.1
16 verbose cwd /home/martinh/www/mergado-ui-kit
17 error Linux 4.4.0-72-generic
18 error argv "/usr/bin/nodejs" "/usr/bin/npm" "run" "build-server"
19 error node v6.10.2
20 error npm  v3.10.10
21 error code ELIFECYCLE
22 error mergado-ui-kit@1.0.1 build-server: `npm run styleguide-server`
22 error Exit status 1
23 error Failed at the mergado-ui-kit@1.0.1 build-server script 'npm run styleguide-server'.
23 error Make sure you have the latest version of node.js and npm installed.
23 error If you do, this is most likely a problem with the mergado-ui-kit package,
23 error not with npm itself.
23 error Tell the author that this fails on your system:
23 error     npm run styleguide-server
23 error You can get information on how to open an issue for this project with:
23 error     npm bugs mergado-ui-kit
23 error Or if that isn't available, you can get their info via:
23 error     npm owner ls mergado-ui-kit
23 error There is likely additional logging output above.
24 verbose exit [ 1, true ]
