Arguments: 
  /usr/bin/nodejs /usr/local/bin/yarn add sass-loader

PATH: 
  /usr/local/sbin:/usr/local/bin:/usr/sbin:/usr/bin:/sbin:/bin:/usr/games:/usr/local/games:/snap/bin

Yarn version: 
  0.21.3

Node version: 
  6.10.0

Platform: 
  linux x64

npm manifest: 
  {
    "name": "mergado-ui-kit",
    "version": "1.0.0",
    "description": "",
    "main": "dist/js/index.js",
    "scripts": {
      "build": "webpack",
      "build:watch": "webpack --watch",
      "tsc": "tsc",
      "test": "NODE_ENV=test mocha --compilers js:babel-core/register,jsx:babel-core/register --require ./resources/assets/js/tests/test_helper.js --recursive ./resources/assets/js/tests",
      "test:watch": "npm run test -- --watch"
    },
    "repository": "git@github.com:Reglendo/mergado-ui-kit.git",
    "contributors": [
      {
        "name": "Samuel Hudec",
        "email": "hudecsamuel@gmail.com",
        "companyEmail": "samuel.hudec.reglendo.com"
      }
    ],
    "authors": "Reglendo Technologies s. r. o.",
    "dependencies": {
      "react": "^15.4.2",
      "react-dom": "^15.4.2",
      "react-redux": "^5.0.2",
      "redux": "^3.6.0",
      "redux-form": "^6.5.0"
    },
    "devDependencies": {
      "@types/react": "^15.0.4",
      "@types/react-dom": "^0.14.21",
      "@types/react-redux": "^4.4.36",
      "@types/redux-form": "^6.3.2",
      "chai": "^3.5.0",
      "chai-jquery": "^2.0.0",
      "jquery": "^2.2.1",
      "jsdom": "^8.1.0",
      "mocha": "^2.4.5",
      "node-sass": "^4.5.0",
      "ts-loader": "^2.0.0",
      "typescript": "^2.1.5",
      "webpack": "^2.2.1"
    }
  }

yarn manifest: 
  No manifest

Lockfile: 
  No lockfile

Trace: 
  Error: EACCES: permission denied, mkdir '/home/martinh/.cache/yarn/npm-@types/react-dom-0.14.23-cecfcfad754b4c2765fe5d29b81b301889ad6c2e'
      at Error (native)
